<?xml version='1.0'?>
<ns2:test-suite xmlns:ns2='urn:model.allure.qatools.yandex.ru' start='1611616449542' stop='1611616477516'>
    <name>Test</name>
    <title>Test</title>
    <test-cases>
        <test-case start='1611616449543' status='passed' stop='1611616456872'>
            <name>login</name>
            <title>login</title>
            <labels/>
            <parameters/>
            <steps/>
            <attachments/>
        </test-case>
        <test-case start='1611616456872' status='failed' stop='1611616477510'>
            <name>login</name>
            <title>login</title>
            <labels/>
            <parameters/>
            <steps/>
            <attachments/>
            <failure>
                <message>Failed: no such window: target window already closed
                from unknown error: web view not found
                  (Session info: chrome=88.0.4324.96)
                  (Driver info: chromedriver=87.0.4280.88 (89e2380a3e36c3464b5dd1302349b1382549290d-refs/branch-heads/4280@{#1761}),platform=Mac OS X 10.14.6 x86_64)</message>
                <stack-trace>NoSuchWindowError: no such window: target window already closed
                from unknown error: web view not found
                  (Session info: chrome=88.0.4324.96)
                  (Driver info: chromedriver=87.0.4280.88 (89e2380a3e36c3464b5dd1302349b1382549290d-refs/branch-heads/4280@{#1761}),platform=Mac OS X 10.14.6 x86_64)
                    at Object.checkLegacyResponse (/usr/local/lib/node_modules/protractor/node_modules/selenium-webdriver/lib/error.js:546:15)
                    at parseHttpResponse (/usr/local/lib/node_modules/protractor/node_modules/selenium-webdriver/lib/http.js:509:13)
                    at /usr/local/lib/node_modules/protractor/node_modules/selenium-webdriver/lib/http.js:441:30
                    at runMicrotasks (&lt;anonymous>)
                    at processTicksAndRejections (internal/process/task_queues.js:93:5)
                From: Task: WebDriver.findElements(By(xpath, //*[@id="topNav"]/li[4]/a))
                    at Driver.schedule (/usr/local/lib/node_modules/protractor/node_modules/selenium-webdriver/lib/webdriver.js:807:17)
                    at Driver.findElements (/usr/local/lib/node_modules/protractor/node_modules/selenium-webdriver/lib/webdriver.js:1048:19)
                    at /usr/local/lib/node_modules/protractor/built/element.js:159:44
                    at ManagedPromise.invokeCallback_ (/usr/local/lib/node_modules/protractor/node_modules/selenium-webdriver/lib/promise.js:1376:14)
                    at TaskQueue.execute_ (/usr/local/lib/node_modules/protractor/node_modules/selenium-webdriver/lib/promise.js:3084:14)
                    at TaskQueue.executeNext_ (/usr/local/lib/node_modules/protractor/node_modules/selenium-webdriver/lib/promise.js:3067:27)
                    at /usr/local/lib/node_modules/protractor/node_modules/selenium-webdriver/lib/promise.js:2927:27
                    at /usr/local/lib/node_modules/protractor/node_modules/selenium-webdriver/lib/promise.js:668:7
                From: Task: &lt;anonymous>
                    at Timeout.pollCondition [as _onTimeout] (/usr/local/lib/node_modules/protractor/node_modules/selenium-webdriver/lib/promise.js:2195:19)
                    at listOnTimeout (internal/timers.js:554:17)
                    at processTimers (internal/timers.js:497:7)
                From: Task: Element is not clickable
                    at scheduleWait (/usr/local/lib/node_modules/protractor/node_modules/selenium-webdriver/lib/promise.js:2188:20)
                    at ControlFlow.wait (/usr/local/lib/node_modules/protractor/node_modules/selenium-webdriver/lib/promise.js:2517:12)
                    at Driver.wait (/usr/local/lib/node_modules/protractor/node_modules/selenium-webdriver/lib/webdriver.js:934:29)
                    at run (/usr/local/lib/node_modules/protractor/built/browser.js:58:33)
                    at ProtractorBrowser.to.&lt;computed> [as wait] (/usr/local/lib/node_modules/protractor/built/browser.js:66:16)
                    at Actions.clickToElement (/Users/teo/Desktop/PotractorProject/base/Actions.js:16:13)
                    at LoginPage.loginflow (/Users/teo/Desktop/PotractorProject/page_objects/LoginPage.js:22:17)
                    at UserContext.&lt;anonymous> (/Users/teo/Desktop/PotractorProject/Test/Test.js:13:19)
                    at /usr/local/lib/node_modules/protractor/node_modules/jasminewd2/index.js:112:25
                    at new ManagedPromise (/usr/local/lib/node_modules/protractor/node_modules/selenium-webdriver/lib/promise.js:1077:7)
                From: Task: Run it("login") in control flow
                    at UserContext.&lt;anonymous> (/usr/local/lib/node_modules/protractor/node_modules/jasminewd2/index.js:94:19)
                    at attempt (/usr/local/lib/node_modules/protractor/node_modules/jasmine-core/lib/jasmine-core/jasmine.js:4297:26)
                    at QueueRunner.run (/usr/local/lib/node_modules/protractor/node_modules/jasmine-core/lib/jasmine-core/jasmine.js:4217:20)
                    at QueueRunner.execute (/usr/local/lib/node_modules/protractor/node_modules/jasmine-core/lib/jasmine-core/jasmine.js:4199:10)
                    at Spec.queueRunnerFactory (/usr/local/lib/node_modules/protractor/node_modules/jasmine-core/lib/jasmine-core/jasmine.js:909:35)
                    at Spec.execute (/usr/local/lib/node_modules/protractor/node_modules/jasmine-core/lib/jasmine-core/jasmine.js:526:10)
                    at UserContext.fn (/usr/local/lib/node_modules/protractor/node_modules/jasmine-core/lib/jasmine-core/jasmine.js:5340:37)
                    at attempt (/usr/local/lib/node_modules/protractor/node_modules/jasmine-core/lib/jasmine-core/jasmine.js:4297:26)
                    at QueueRunner.run (/usr/local/lib/node_modules/protractor/node_modules/jasmine-core/lib/jasmine-core/jasmine.js:4217:20)
                    at runNext (/usr/local/lib/node_modules/protractor/node_modules/jasmine-core/lib/jasmine-core/jasmine.js:4257:20)
                From asynchronous test: 
                Error
                    at Suite.&lt;anonymous> (/Users/teo/Desktop/PotractorProject/Test/Test.js:12:5)
                    at addSpecsToSuite (/usr/local/lib/node_modules/protractor/node_modules/jasmine-core/lib/jasmine-core/jasmine.js:1107:25)
                    at Env.describe (/usr/local/lib/node_modules/protractor/node_modules/jasmine-core/lib/jasmine-core/jasmine.js:1074:7)
                    at describe (/usr/local/lib/node_modules/protractor/node_modules/jasmine-core/lib/jasmine-core/jasmine.js:4399:18)
                    at Object.&lt;anonymous> (/Users/teo/Desktop/PotractorProject/Test/Test.js:8:1)
                    at Module._compile (internal/modules/cjs/loader.js:1063:30)
                    at Object.Module._extensions..js (internal/modules/cjs/loader.js:1092:10)
                    at Module.load (internal/modules/cjs/loader.js:928:32)
                    at Function.Module._load (internal/modules/cjs/loader.js:769:14)</stack-trace>
            </failure>
        </test-case>
        <test-case start='1611616477511' status='failed' stop='1611616477515'>
            <name>login</name>
            <title>login</title>
            <labels/>
            <parameters/>
            <steps/>
            <attachments/>
            <failure>
                <message>Failed: no such window: target window already closed
                from unknown error: web view not found
                  (Session info: chrome=88.0.4324.96)
                  (Driver info: chromedriver=87.0.4280.88 (89e2380a3e36c3464b5dd1302349b1382549290d-refs/branch-heads/4280@{#1761}),platform=Mac OS X 10.14.6 x86_64)</message>
                <stack-trace>NoSuchWindowError: no such window: target window already closed
                from unknown error: web view not found
                  (Session info: chrome=88.0.4324.96)
                  (Driver info: chromedriver=87.0.4280.88 (89e2380a3e36c3464b5dd1302349b1382549290d-refs/branch-heads/4280@{#1761}),platform=Mac OS X 10.14.6 x86_64)
                    at Object.checkLegacyResponse (/usr/local/lib/node_modules/protractor/node_modules/selenium-webdriver/lib/error.js:546:15)
                    at parseHttpResponse (/usr/local/lib/node_modules/protractor/node_modules/selenium-webdriver/lib/http.js:509:13)
                    at /usr/local/lib/node_modules/protractor/node_modules/selenium-webdriver/lib/http.js:441:30
                    at runMicrotasks (&lt;anonymous>)
                    at processTicksAndRejections (internal/process/task_queues.js:93:5)
                From: Task: WebDriver.findElements(By(xpath, //*[@id="topNav"]/li[4]/a))
                    at Driver.schedule (/usr/local/lib/node_modules/protractor/node_modules/selenium-webdriver/lib/webdriver.js:807:17)
                    at Driver.findElements (/usr/local/lib/node_modules/protractor/node_modules/selenium-webdriver/lib/webdriver.js:1048:19)
                    at /usr/local/lib/node_modules/protractor/built/element.js:159:44
                    at ManagedPromise.invokeCallback_ (/usr/local/lib/node_modules/protractor/node_modules/selenium-webdriver/lib/promise.js:1376:14)
                    at TaskQueue.execute_ (/usr/local/lib/node_modules/protractor/node_modules/selenium-webdriver/lib/promise.js:3084:14)
                    at TaskQueue.executeNext_ (/usr/local/lib/node_modules/protractor/node_modules/selenium-webdriver/lib/promise.js:3067:27)
                    at /usr/local/lib/node_modules/protractor/node_modules/selenium-webdriver/lib/promise.js:2927:27
                    at /usr/local/lib/node_modules/protractor/node_modules/selenium-webdriver/lib/promise.js:668:7
                    at runMicrotasks (&lt;anonymous>)
                    at processTicksAndRejections (internal/process/task_queues.js:93:5)
                From: Task: &lt;anonymous>
                    at pollCondition (/usr/local/lib/node_modules/protractor/node_modules/selenium-webdriver/lib/promise.js:2195:19)
                    at /usr/local/lib/node_modules/protractor/node_modules/selenium-webdriver/lib/promise.js:2191:7
                    at new ManagedPromise (/usr/local/lib/node_modules/protractor/node_modules/selenium-webdriver/lib/promise.js:1077:7)
                    at ControlFlow.promise (/usr/local/lib/node_modules/protractor/node_modules/selenium-webdriver/lib/promise.js:2505:12)
                    at /usr/local/lib/node_modules/protractor/node_modules/selenium-webdriver/lib/promise.js:2190:22
                    at TaskQueue.execute_ (/usr/local/lib/node_modules/protractor/node_modules/selenium-webdriver/lib/promise.js:3084:14)
                    at TaskQueue.executeNext_ (/usr/local/lib/node_modules/protractor/node_modules/selenium-webdriver/lib/promise.js:3067:27)
                    at /usr/local/lib/node_modules/protractor/node_modules/selenium-webdriver/lib/promise.js:2974:25
                    at /usr/local/lib/node_modules/protractor/node_modules/selenium-webdriver/lib/promise.js:668:7
                    at runMicrotasks (&lt;anonymous>)
                From: Task: Element is not clickable
                    at scheduleWait (/usr/local/lib/node_modules/protractor/node_modules/selenium-webdriver/lib/promise.js:2188:20)
                    at ControlFlow.wait (/usr/local/lib/node_modules/protractor/node_modules/selenium-webdriver/lib/promise.js:2517:12)
                    at Driver.wait (/usr/local/lib/node_modules/protractor/node_modules/selenium-webdriver/lib/webdriver.js:934:29)
                    at run (/usr/local/lib/node_modules/protractor/built/browser.js:58:33)
                    at ProtractorBrowser.to.&lt;computed> [as wait] (/usr/local/lib/node_modules/protractor/built/browser.js:66:16)
                    at Actions.clickToElement (/Users/teo/Desktop/PotractorProject/base/Actions.js:16:13)
                    at LoginPage.loginflow (/Users/teo/Desktop/PotractorProject/page_objects/LoginPage.js:22:17)
                    at UserContext.&lt;anonymous> (/Users/teo/Desktop/PotractorProject/Test/Test.js:16:19)
                    at /usr/local/lib/node_modules/protractor/node_modules/jasminewd2/index.js:112:25
                    at new ManagedPromise (/usr/local/lib/node_modules/protractor/node_modules/selenium-webdriver/lib/promise.js:1077:7)
                From: Task: Run it("login") in control flow
                    at UserContext.&lt;anonymous> (/usr/local/lib/node_modules/protractor/node_modules/jasminewd2/index.js:94:19)
                    at attempt (/usr/local/lib/node_modules/protractor/node_modules/jasmine-core/lib/jasmine-core/jasmine.js:4297:26)
                    at QueueRunner.run (/usr/local/lib/node_modules/protractor/node_modules/jasmine-core/lib/jasmine-core/jasmine.js:4217:20)
                    at QueueRunner.execute (/usr/local/lib/node_modules/protractor/node_modules/jasmine-core/lib/jasmine-core/jasmine.js:4199:10)
                    at Spec.queueRunnerFactory (/usr/local/lib/node_modules/protractor/node_modules/jasmine-core/lib/jasmine-core/jasmine.js:909:35)
                    at Spec.execute (/usr/local/lib/node_modules/protractor/node_modules/jasmine-core/lib/jasmine-core/jasmine.js:526:10)
                    at UserContext.fn (/usr/local/lib/node_modules/protractor/node_modules/jasmine-core/lib/jasmine-core/jasmine.js:5340:37)
                    at attempt (/usr/local/lib/node_modules/protractor/node_modules/jasmine-core/lib/jasmine-core/jasmine.js:4297:26)
                    at QueueRunner.run (/usr/local/lib/node_modules/protractor/node_modules/jasmine-core/lib/jasmine-core/jasmine.js:4217:20)
                    at runNext (/usr/local/lib/node_modules/protractor/node_modules/jasmine-core/lib/jasmine-core/jasmine.js:4257:20)
                From asynchronous test: 
                Error
                    at Suite.&lt;anonymous> (/Users/teo/Desktop/PotractorProject/Test/Test.js:15:5)
                    at addSpecsToSuite (/usr/local/lib/node_modules/protractor/node_modules/jasmine-core/lib/jasmine-core/jasmine.js:1107:25)
                    at Env.describe (/usr/local/lib/node_modules/protractor/node_modules/jasmine-core/lib/jasmine-core/jasmine.js:1074:7)
                    at describe (/usr/local/lib/node_modules/protractor/node_modules/jasmine-core/lib/jasmine-core/jasmine.js:4399:18)
                    at Object.&lt;anonymous> (/Users/teo/Desktop/PotractorProject/Test/Test.js:8:1)
                    at Module._compile (internal/modules/cjs/loader.js:1063:30)
                    at Object.Module._extensions..js (internal/modules/cjs/loader.js:1092:10)
                    at Module.load (internal/modules/cjs/loader.js:928:32)
                    at Function.Module._load (internal/modules/cjs/loader.js:769:14)</stack-trace>
            </failure>
        </test-case>
    </test-cases>
</ns2:test-suite>